  [1m[35mSQL (1.2ms)[0m  [1m[35mCREATE EXTENSION IF NOT EXISTS "plpgsql"[0m
  [1m[35m (8.8ms)[0m  [1m[35mCREATE TABLE "albums" ("id" serial primary key, "artist_id" integer, "title" character varying, "created_at" timestamp, "updated_at" timestamp)[0m
  [1m[35m (7.0ms)[0m  [1m[35mCREATE TABLE "artists" ("id" serial primary key, "name" character varying, "created_at" timestamp, "updated_at" timestamp)[0m
  [1m[35m (5.9ms)[0m  [1m[35mCREATE TABLE "genres" ("id" serial primary key, "name" character varying, "created_at" timestamp, "updated_at" timestamp)[0m
  [1m[35m (5.3ms)[0m  [1m[35mCREATE TABLE "media_types" ("id" serial primary key, "name" character varying, "created_at" timestamp, "updated_at" timestamp)[0m
  [1m[35m (5.0ms)[0m  [1m[35mCREATE TABLE "playlists" ("id" serial primary key, "name" character varying, "created_at" timestamp, "updated_at" timestamp)[0m
  [1m[35m (3.7ms)[0m  [1m[35mCREATE TABLE "playlists_tracks" ("id" serial primary key, "playlist_id" integer, "track_id" integer)[0m
  [1m[35m (6.7ms)[0m  [1m[35mCREATE TABLE "tracks" ("id" serial primary key, "album_id" integer, "genre_id" integer, "media_type_id" integer, "name" character varying NOT NULL, "composer" character varying, "milliseconds" integer NOT NULL, "bytes" integer, "unit_price" decimal(10,2), "created_at" timestamp, "updated_at" timestamp)[0m
  [1m[35m (3.9ms)[0m  [1m[35mCREATE TABLE "schema_migrations" ("version" character varying PRIMARY KEY)[0m
  [1m[35m (0.8ms)[0m  [1m[34mSELECT version FROM "schema_migrations"[0m
  [1m[35m (0.7ms)[0m  [1m[32mINSERT INTO "schema_migrations" (version) VALUES ('20140128205156')[0m
  [1m[35m (1.2ms)[0m  [1m[32mINSERT INTO schema_migrations (version) VALUES ('20140128185321'), ('20140128190323'), ('20140128190658'), ('20140128200252'), ('20140128200458');

[0m
  [1m[35m (3.9ms)[0m  [1m[35mCREATE TABLE "ar_internal_metadata" ("key" character varying PRIMARY KEY, "value" character varying, "created_at" timestamp NOT NULL, "updated_at" timestamp NOT NULL)[0m
  [1m[36mActiveRecord::InternalMetadata Load (0.6ms)[0m  [1m[34mSELECT  "ar_internal_metadata".* FROM "ar_internal_metadata" WHERE "ar_internal_metadata"."key" = $1 LIMIT $2[0m  [["key", :environment], ["LIMIT", 1]]
  [1m[35m (0.2ms)[0m  [1m[35mBEGIN[0m
  [1m[35mSQL (0.7ms)[0m  [1m[32mINSERT INTO "ar_internal_metadata" ("key", "value", "created_at", "updated_at") VALUES ($1, $2, $3, $4) RETURNING "key"[0m  [["key", "environment"], ["value", "development"], ["created_at", 2017-02-01 17:56:12 UTC], ["updated_at", 2017-02-01 17:56:12 UTC]]
  [1m[35m (0.4ms)[0m  [1m[35mCOMMIT[0m
  [1m[36mActiveRecord::InternalMetadata Load (0.4ms)[0m  [1m[34mSELECT  "ar_internal_metadata".* FROM "ar_internal_metadata" WHERE "ar_internal_metadata"."key" = $1 LIMIT $2[0m  [["key", :environment], ["LIMIT", 1]]
  [1m[35m (0.2ms)[0m  [1m[35mBEGIN[0m
  [1m[35m (0.1ms)[0m  [1m[35mCOMMIT[0m
  [1m[35mSQL (0.4ms)[0m  [1m[35mCREATE EXTENSION IF NOT EXISTS "plpgsql"[0m
  [1m[35m (9.0ms)[0m  [1m[35mCREATE TABLE "albums" ("id" serial primary key, "artist_id" integer, "title" character varying, "created_at" timestamp, "updated_at" timestamp)[0m
  [1m[35m (5.9ms)[0m  [1m[35mCREATE TABLE "artists" ("id" serial primary key, "name" character varying, "created_at" timestamp, "updated_at" timestamp)[0m
  [1m[35m (5.0ms)[0m  [1m[35mCREATE TABLE "genres" ("id" serial primary key, "name" character varying, "created_at" timestamp, "updated_at" timestamp)[0m
  [1m[35m (4.5ms)[0m  [1m[35mCREATE TABLE "media_types" ("id" serial primary key, "name" character varying, "created_at" timestamp, "updated_at" timestamp)[0m
  [1m[35m (5.2ms)[0m  [1m[35mCREATE TABLE "playlists" ("id" serial primary key, "name" character varying, "created_at" timestamp, "updated_at" timestamp)[0m
  [1m[35m (3.1ms)[0m  [1m[35mCREATE TABLE "playlists_tracks" ("id" serial primary key, "playlist_id" integer, "track_id" integer)[0m
  [1m[35m (5.8ms)[0m  [1m[35mCREATE TABLE "tracks" ("id" serial primary key, "album_id" integer, "genre_id" integer, "media_type_id" integer, "name" character varying NOT NULL, "composer" character varying, "milliseconds" integer NOT NULL, "bytes" integer, "unit_price" decimal(10,2), "created_at" timestamp, "updated_at" timestamp)[0m
  [1m[35m (4.4ms)[0m  [1m[35mCREATE TABLE "schema_migrations" ("version" character varying PRIMARY KEY)[0m
  [1m[35m (0.6ms)[0m  [1m[34mSELECT version FROM "schema_migrations"[0m
  [1m[35m (0.7ms)[0m  [1m[32mINSERT INTO "schema_migrations" (version) VALUES ('20140128205156')[0m
  [1m[35m (0.5ms)[0m  [1m[32mINSERT INTO schema_migrations (version) VALUES ('20140128185321'), ('20140128190323'), ('20140128190658'), ('20140128200252'), ('20140128200458');

[0m
  [1m[35m (3.7ms)[0m  [1m[35mCREATE TABLE "ar_internal_metadata" ("key" character varying PRIMARY KEY, "value" character varying, "created_at" timestamp NOT NULL, "updated_at" timestamp NOT NULL)[0m
  [1m[36mActiveRecord::InternalMetadata Load (0.5ms)[0m  [1m[34mSELECT  "ar_internal_metadata".* FROM "ar_internal_metadata" WHERE "ar_internal_metadata"."key" = $1 LIMIT $2[0m  [["key", :environment], ["LIMIT", 1]]
  [1m[35m (0.1ms)[0m  [1m[35mBEGIN[0m
  [1m[35mSQL (0.5ms)[0m  [1m[32mINSERT INTO "ar_internal_metadata" ("key", "value", "created_at", "updated_at") VALUES ($1, $2, $3, $4) RETURNING "key"[0m  [["key", "environment"], ["value", "development"], ["created_at", 2017-02-01 17:56:12 UTC], ["updated_at", 2017-02-01 17:56:12 UTC]]
  [1m[35m (0.4ms)[0m  [1m[35mCOMMIT[0m
  [1m[36mActiveRecord::InternalMetadata Load (0.4ms)[0m  [1m[34mSELECT  "ar_internal_metadata".* FROM "ar_internal_metadata" WHERE "ar_internal_metadata"."key" = $1 LIMIT $2[0m  [["key", :environment], ["LIMIT", 1]]
  [1m[35m (0.2ms)[0m  [1m[35mBEGIN[0m
  [1m[35m (0.2ms)[0m  [1m[35mCOMMIT[0m
  [1m[36mActiveRecord::SchemaMigration Load (0.5ms)[0m  [1m[34mSELECT "schema_migrations".* FROM "schema_migrations"[0m
  [1m[36mActiveRecord::SchemaMigration Load (0.7ms)[0m  [1m[34mSELECT "schema_migrations".* FROM "schema_migrations"[0m
  [1m[35m (0.5ms)[0m  [1m[34mSELECT "ar_internal_metadata"."value" FROM "ar_internal_metadata" WHERE "ar_internal_metadata"."key" = $1[0m  [["key", :environment]]
  [1m[36mActiveRecord::SchemaMigration Load (0.2ms)[0m  [1m[34mSELECT "schema_migrations".* FROM "schema_migrations"[0m
  [1m[35m (0.2ms)[0m  [1m[34mSELECT "ar_internal_metadata"."value" FROM "ar_internal_metadata" WHERE "ar_internal_metadata"."key" = $1[0m  [["key", :environment]]
  [1m[36mActiveRecord::SchemaMigration Load (0.7ms)[0m  [1m[34mSELECT "schema_migrations".* FROM "schema_migrations"[0m
  [1m[35m (0.4ms)[0m  [1m[34mSELECT "ar_internal_metadata"."value" FROM "ar_internal_metadata" WHERE "ar_internal_metadata"."key" = $1[0m  [["key", :environment]]
  [1m[35mSQL (0.5ms)[0m  [1m[35mCREATE EXTENSION IF NOT EXISTS "plpgsql"[0m
  [1m[35m (6.3ms)[0m  [1m[35mDROP TABLE "albums" CASCADE[0m
  [1m[35m (7.7ms)[0m  [1m[35mCREATE TABLE "albums" ("id" serial primary key, "artist_id" integer, "title" character varying, "created_at" timestamp, "updated_at" timestamp)[0m
  [1m[35m (3.3ms)[0m  [1m[35mDROP TABLE "artists" CASCADE[0m
  [1m[35m (6.2ms)[0m  [1m[35mCREATE TABLE "artists" ("id" serial primary key, "name" character varying, "created_at" timestamp, "updated_at" timestamp)[0m
  [1m[35m (2.8ms)[0m  [1m[35mDROP TABLE "genres" CASCADE[0m
  [1m[35m (7.2ms)[0m  [1m[35mCREATE TABLE "genres" ("id" serial primary key, "name" character varying, "created_at" timestamp, "updated_at" timestamp)[0m
  [1m[35m (3.6ms)[0m  [1m[35mDROP TABLE "media_types" CASCADE[0m
  [1m[35m (9.2ms)[0m  [1m[35mCREATE TABLE "media_types" ("id" serial primary key, "name" character varying, "created_at" timestamp, "updated_at" timestamp)[0m
  [1m[35m (3.8ms)[0m  [1m[35mDROP TABLE "playlists" CASCADE[0m
  [1m[35m (8.6ms)[0m  [1m[35mCREATE TABLE "playlists" ("id" serial primary key, "name" character varying, "created_at" timestamp, "updated_at" timestamp)[0m
  [1m[35m (3.8ms)[0m  [1m[35mDROP TABLE "playlists_tracks" CASCADE[0m
  [1m[35m (6.1ms)[0m  [1m[35mCREATE TABLE "playlists_tracks" ("id" serial primary key, "playlist_id" integer, "track_id" integer)[0m
  [1m[35m (4.6ms)[0m  [1m[35mDROP TABLE "tracks" CASCADE[0m
  [1m[35m (8.8ms)[0m  [1m[35mCREATE TABLE "tracks" ("id" serial primary key, "album_id" integer, "genre_id" integer, "media_type_id" integer, "name" character varying NOT NULL, "composer" character varying, "milliseconds" integer NOT NULL, "bytes" integer, "unit_price" decimal(10,2), "created_at" timestamp, "updated_at" timestamp)[0m
  [1m[35m (0.9ms)[0m  [1m[34mSELECT version FROM "schema_migrations"[0m
  [1m[36mActiveRecord::InternalMetadata Load (0.9ms)[0m  [1m[34mSELECT  "ar_internal_metadata".* FROM "ar_internal_metadata" WHERE "ar_internal_metadata"."key" = $1 LIMIT $2[0m  [["key", :environment], ["LIMIT", 1]]
  [1m[35m (0.3ms)[0m  [1m[35mBEGIN[0m
  [1m[35m (0.2ms)[0m  [1m[35mCOMMIT[0m
  [1m[36mActiveRecord::InternalMetadata Load (0.3ms)[0m  [1m[34mSELECT  "ar_internal_metadata".* FROM "ar_internal_metadata" WHERE "ar_internal_metadata"."key" = $1 LIMIT $2[0m  [["key", :environment], ["LIMIT", 1]]
  [1m[35m (0.1ms)[0m  [1m[35mBEGIN[0m
  [1m[35m (0.1ms)[0m  [1m[35mCOMMIT[0m
  [1m[35mSQL (0.6ms)[0m  [1m[35mCREATE EXTENSION IF NOT EXISTS "plpgsql"[0m
  [1m[35m (6.9ms)[0m  [1m[35mDROP TABLE "albums" CASCADE[0m
  [1m[35m (8.7ms)[0m  [1m[35mCREATE TABLE "albums" ("id" serial primary key, "artist_id" integer, "title" character varying, "created_at" timestamp, "updated_at" timestamp)[0m
  [1m[35m (4.4ms)[0m  [1m[35mDROP TABLE "artists" CASCADE[0m
  [1m[35m (8.0ms)[0m  [1m[35mCREATE TABLE "artists" ("id" serial primary key, "name" character varying, "created_at" timestamp, "updated_at" timestamp)[0m
  [1m[35m (4.3ms)[0m  [1m[35mDROP TABLE "genres" CASCADE[0m
  [1m[35m (8.9ms)[0m  [1m[35mCREATE TABLE "genres" ("id" serial primary key, "name" character varying, "created_at" timestamp, "updated_at" timestamp)[0m
  [1m[35m (4.0ms)[0m  [1m[35mDROP TABLE "media_types" CASCADE[0m
  [1m[35m (9.5ms)[0m  [1m[35mCREATE TABLE "media_types" ("id" serial primary key, "name" character varying, "created_at" timestamp, "updated_at" timestamp)[0m
  [1m[35m (4.1ms)[0m  [1m[35mDROP TABLE "playlists" CASCADE[0m
  [1m[35m (8.5ms)[0m  [1m[35mCREATE TABLE "playlists" ("id" serial primary key, "name" character varying, "created_at" timestamp, "updated_at" timestamp)[0m
  [1m[35m (3.1ms)[0m  [1m[35mDROP TABLE "playlists_tracks" CASCADE[0m
  [1m[35m (6.1ms)[0m  [1m[35mCREATE TABLE "playlists_tracks" ("id" serial primary key, "playlist_id" integer, "track_id" integer)[0m
  [1m[35m (4.8ms)[0m  [1m[35mDROP TABLE "tracks" CASCADE[0m
  [1m[35m (9.1ms)[0m  [1m[35mCREATE TABLE "tracks" ("id" serial primary key, "album_id" integer, "genre_id" integer, "media_type_id" integer, "name" character varying NOT NULL, "composer" character varying, "milliseconds" integer NOT NULL, "bytes" integer, "unit_price" decimal(10,2), "created_at" timestamp, "updated_at" timestamp)[0m
  [1m[35m (1.0ms)[0m  [1m[34mSELECT version FROM "schema_migrations"[0m
  [1m[36mActiveRecord::InternalMetadata Load (0.8ms)[0m  [1m[34mSELECT  "ar_internal_metadata".* FROM "ar_internal_metadata" WHERE "ar_internal_metadata"."key" = $1 LIMIT $2[0m  [["key", :environment], ["LIMIT", 1]]
  [1m[35m (0.2ms)[0m  [1m[35mBEGIN[0m
  [1m[35m (0.2ms)[0m  [1m[35mCOMMIT[0m
  [1m[36mActiveRecord::InternalMetadata Load (0.5ms)[0m  [1m[34mSELECT  "ar_internal_metadata".* FROM "ar_internal_metadata" WHERE "ar_internal_metadata"."key" = $1 LIMIT $2[0m  [["key", :environment], ["LIMIT", 1]]
  [1m[35m (0.2ms)[0m  [1m[35mBEGIN[0m
  [1m[35m (0.2ms)[0m  [1m[35mCOMMIT[0m
  [1m[36mActiveRecord::SchemaMigration Load (0.5ms)[0m  [1m[34mSELECT "schema_migrations".* FROM "schema_migrations"[0m
  [1m[35m (1.2ms)[0m  [1m[34mSELECT pg_try_advisory_lock(1434522066555925830);[0m
  [1m[36mActiveRecord::SchemaMigration Load (0.7ms)[0m  [1m[34mSELECT "schema_migrations".* FROM "schema_migrations"[0m
  [1m[36mActiveRecord::InternalMetadata Load (0.7ms)[0m  [1m[34mSELECT  "ar_internal_metadata".* FROM "ar_internal_metadata" WHERE "ar_internal_metadata"."key" = $1 LIMIT $2[0m  [["key", :environment], ["LIMIT", 1]]
  [1m[35m (0.2ms)[0m  [1m[35mBEGIN[0m
  [1m[35m (0.2ms)[0m  [1m[35mCOMMIT[0m
  [1m[35m (0.3ms)[0m  [1m[34mSELECT pg_advisory_unlock(1434522066555925830)[0m
  [1m[36mActiveRecord::SchemaMigration Load (0.5ms)[0m  [1m[34mSELECT "schema_migrations".* FROM "schema_migrations"[0m
  [1m[35m (4.9ms)[0m  [1m[34mSELECT t2.oid::regclass::text AS to_table, a1.attname AS column, a2.attname AS primary_key, c.conname AS name, c.confupdtype AS on_update, c.confdeltype AS on_delete
FROM pg_constraint c
JOIN pg_class t1 ON c.conrelid = t1.oid
JOIN pg_class t2 ON c.confrelid = t2.oid
JOIN pg_attribute a1 ON a1.attnum = c.conkey[1] AND a1.attrelid = t1.oid
JOIN pg_attribute a2 ON a2.attnum = c.confkey[1] AND a2.attrelid = t2.oid
JOIN pg_namespace t3 ON c.connamespace = t3.oid
WHERE c.contype = 'f'
  AND t1.relname = 'albums'
  AND t3.nspname = ANY (current_schemas(false))
ORDER BY c.conname
[0m
  [1m[35m (6.4ms)[0m  [1m[34mSELECT t2.oid::regclass::text AS to_table, a1.attname AS column, a2.attname AS primary_key, c.conname AS name, c.confupdtype AS on_update, c.confdeltype AS on_delete
FROM pg_constraint c
JOIN pg_class t1 ON c.conrelid = t1.oid
JOIN pg_class t2 ON c.confrelid = t2.oid
JOIN pg_attribute a1 ON a1.attnum = c.conkey[1] AND a1.attrelid = t1.oid
JOIN pg_attribute a2 ON a2.attnum = c.confkey[1] AND a2.attrelid = t2.oid
JOIN pg_namespace t3 ON c.connamespace = t3.oid
WHERE c.contype = 'f'
  AND t1.relname = 'artists'
  AND t3.nspname = ANY (current_schemas(false))
ORDER BY c.conname
[0m
  [1m[35m (6.3ms)[0m  [1m[34mSELECT t2.oid::regclass::text AS to_table, a1.attname AS column, a2.attname AS primary_key, c.conname AS name, c.confupdtype AS on_update, c.confdeltype AS on_delete
FROM pg_constraint c
JOIN pg_class t1 ON c.conrelid = t1.oid
JOIN pg_class t2 ON c.confrelid = t2.oid
JOIN pg_attribute a1 ON a1.attnum = c.conkey[1] AND a1.attrelid = t1.oid
JOIN pg_attribute a2 ON a2.attnum = c.confkey[1] AND a2.attrelid = t2.oid
JOIN pg_namespace t3 ON c.connamespace = t3.oid
WHERE c.contype = 'f'
  AND t1.relname = 'genres'
  AND t3.nspname = ANY (current_schemas(false))
ORDER BY c.conname
[0m
  [1m[35m (4.4ms)[0m  [1m[34mSELECT t2.oid::regclass::text AS to_table, a1.attname AS column, a2.attname AS primary_key, c.conname AS name, c.confupdtype AS on_update, c.confdeltype AS on_delete
FROM pg_constraint c
JOIN pg_class t1 ON c.conrelid = t1.oid
JOIN pg_class t2 ON c.confrelid = t2.oid
JOIN pg_attribute a1 ON a1.attnum = c.conkey[1] AND a1.attrelid = t1.oid
JOIN pg_attribute a2 ON a2.attnum = c.confkey[1] AND a2.attrelid = t2.oid
JOIN pg_namespace t3 ON c.connamespace = t3.oid
WHERE c.contype = 'f'
  AND t1.relname = 'media_types'
  AND t3.nspname = ANY (current_schemas(false))
ORDER BY c.conname
[0m
  [1m[35m (4.1ms)[0m  [1m[34mSELECT t2.oid::regclass::text AS to_table, a1.attname AS column, a2.attname AS primary_key, c.conname AS name, c.confupdtype AS on_update, c.confdeltype AS on_delete
FROM pg_constraint c
JOIN pg_class t1 ON c.conrelid = t1.oid
JOIN pg_class t2 ON c.confrelid = t2.oid
JOIN pg_attribute a1 ON a1.attnum = c.conkey[1] AND a1.attrelid = t1.oid
JOIN pg_attribute a2 ON a2.attnum = c.confkey[1] AND a2.attrelid = t2.oid
JOIN pg_namespace t3 ON c.connamespace = t3.oid
WHERE c.contype = 'f'
  AND t1.relname = 'playlists'
  AND t3.nspname = ANY (current_schemas(false))
ORDER BY c.conname
[0m
  [1m[35m (4.2ms)[0m  [1m[34mSELECT t2.oid::regclass::text AS to_table, a1.attname AS column, a2.attname AS primary_key, c.conname AS name, c.confupdtype AS on_update, c.confdeltype AS on_delete
FROM pg_constraint c
JOIN pg_class t1 ON c.conrelid = t1.oid
JOIN pg_class t2 ON c.confrelid = t2.oid
JOIN pg_attribute a1 ON a1.attnum = c.conkey[1] AND a1.attrelid = t1.oid
JOIN pg_attribute a2 ON a2.attnum = c.confkey[1] AND a2.attrelid = t2.oid
JOIN pg_namespace t3 ON c.connamespace = t3.oid
WHERE c.contype = 'f'
  AND t1.relname = 'playlists_tracks'
  AND t3.nspname = ANY (current_schemas(false))
ORDER BY c.conname
[0m
  [1m[35m (4.2ms)[0m  [1m[34mSELECT t2.oid::regclass::text AS to_table, a1.attname AS column, a2.attname AS primary_key, c.conname AS name, c.confupdtype AS on_update, c.confdeltype AS on_delete
FROM pg_constraint c
JOIN pg_class t1 ON c.conrelid = t1.oid
JOIN pg_class t2 ON c.confrelid = t2.oid
JOIN pg_attribute a1 ON a1.attnum = c.conkey[1] AND a1.attrelid = t1.oid
JOIN pg_attribute a2 ON a2.attnum = c.confkey[1] AND a2.attrelid = t2.oid
JOIN pg_namespace t3 ON c.connamespace = t3.oid
WHERE c.contype = 'f'
  AND t1.relname = 'tracks'
  AND t3.nspname = ANY (current_schemas(false))
ORDER BY c.conname
[0m
  [1m[36mActiveRecord::SchemaMigration Load (0.7ms)[0m  [1m[34mSELECT "schema_migrations".* FROM "schema_migrations"[0m
  [1m[36mActiveRecord::SchemaMigration Load (0.7ms)[0m  [1m[34mSELECT "schema_migrations".* FROM "schema_migrations"[0m
  [1m[35m (0.8ms)[0m  [1m[34mSELECT pg_try_advisory_lock(1434522066555925830);[0m
  [1m[36mActiveRecord::SchemaMigration Load (0.7ms)[0m  [1m[34mSELECT "schema_migrations".* FROM "schema_migrations"[0m
  [1m[36mActiveRecord::InternalMetadata Load (0.7ms)[0m  [1m[34mSELECT  "ar_internal_metadata".* FROM "ar_internal_metadata" WHERE "ar_internal_metadata"."key" = $1 LIMIT $2[0m  [["key", :environment], ["LIMIT", 1]]
  [1m[35m (0.2ms)[0m  [1m[35mBEGIN[0m
  [1m[35m (0.4ms)[0m  [1m[35mCOMMIT[0m
  [1m[35m (0.4ms)[0m  [1m[34mSELECT pg_advisory_unlock(1434522066555925830)[0m
  [1m[36mActiveRecord::SchemaMigration Load (0.3ms)[0m  [1m[34mSELECT "schema_migrations".* FROM "schema_migrations"[0m
  [1m[35m (4.8ms)[0m  [1m[34mSELECT t2.oid::regclass::text AS to_table, a1.attname AS column, a2.attname AS primary_key, c.conname AS name, c.confupdtype AS on_update, c.confdeltype AS on_delete
FROM pg_constraint c
JOIN pg_class t1 ON c.conrelid = t1.oid
JOIN pg_class t2 ON c.confrelid = t2.oid
JOIN pg_attribute a1 ON a1.attnum = c.conkey[1] AND a1.attrelid = t1.oid
JOIN pg_attribute a2 ON a2.attnum = c.confkey[1] AND a2.attrelid = t2.oid
JOIN pg_namespace t3 ON c.connamespace = t3.oid
WHERE c.contype = 'f'
  AND t1.relname = 'albums'
  AND t3.nspname = ANY (current_schemas(false))
ORDER BY c.conname
[0m
  [1m[35m (4.2ms)[0m  [1m[34mSELECT t2.oid::regclass::text AS to_table, a1.attname AS column, a2.attname AS primary_key, c.conname AS name, c.confupdtype AS on_update, c.confdeltype AS on_delete
FROM pg_constraint c
JOIN pg_class t1 ON c.conrelid = t1.oid
JOIN pg_class t2 ON c.confrelid = t2.oid
JOIN pg_attribute a1 ON a1.attnum = c.conkey[1] AND a1.attrelid = t1.oid
JOIN pg_attribute a2 ON a2.attnum = c.confkey[1] AND a2.attrelid = t2.oid
JOIN pg_namespace t3 ON c.connamespace = t3.oid
WHERE c.contype = 'f'
  AND t1.relname = 'artists'
  AND t3.nspname = ANY (current_schemas(false))
ORDER BY c.conname
[0m
  [1m[35m (4.0ms)[0m  [1m[34mSELECT t2.oid::regclass::text AS to_table, a1.attname AS column, a2.attname AS primary_key, c.conname AS name, c.confupdtype AS on_update, c.confdeltype AS on_delete
FROM pg_constraint c
JOIN pg_class t1 ON c.conrelid = t1.oid
JOIN pg_class t2 ON c.confrelid = t2.oid
JOIN pg_attribute a1 ON a1.attnum = c.conkey[1] AND a1.attrelid = t1.oid
JOIN pg_attribute a2 ON a2.attnum = c.confkey[1] AND a2.attrelid = t2.oid
JOIN pg_namespace t3 ON c.connamespace = t3.oid
WHERE c.contype = 'f'
  AND t1.relname = 'genres'
  AND t3.nspname = ANY (current_schemas(false))
ORDER BY c.conname
[0m
  [1m[35m (4.0ms)[0m  [1m[34mSELECT t2.oid::regclass::text AS to_table, a1.attname AS column, a2.attname AS primary_key, c.conname AS name, c.confupdtype AS on_update, c.confdeltype AS on_delete
FROM pg_constraint c
JOIN pg_class t1 ON c.conrelid = t1.oid
JOIN pg_class t2 ON c.confrelid = t2.oid
JOIN pg_attribute a1 ON a1.attnum = c.conkey[1] AND a1.attrelid = t1.oid
JOIN pg_attribute a2 ON a2.attnum = c.confkey[1] AND a2.attrelid = t2.oid
JOIN pg_namespace t3 ON c.connamespace = t3.oid
WHERE c.contype = 'f'
  AND t1.relname = 'media_types'
  AND t3.nspname = ANY (current_schemas(false))
ORDER BY c.conname
[0m
  [1m[35m (4.0ms)[0m  [1m[34mSELECT t2.oid::regclass::text AS to_table, a1.attname AS column, a2.attname AS primary_key, c.conname AS name, c.confupdtype AS on_update, c.confdeltype AS on_delete
FROM pg_constraint c
JOIN pg_class t1 ON c.conrelid = t1.oid
JOIN pg_class t2 ON c.confrelid = t2.oid
JOIN pg_attribute a1 ON a1.attnum = c.conkey[1] AND a1.attrelid = t1.oid
JOIN pg_attribute a2 ON a2.attnum = c.confkey[1] AND a2.attrelid = t2.oid
JOIN pg_namespace t3 ON c.connamespace = t3.oid
WHERE c.contype = 'f'
  AND t1.relname = 'playlists'
  AND t3.nspname = ANY (current_schemas(false))
ORDER BY c.conname
[0m
  [1m[35m (4.0ms)[0m  [1m[34mSELECT t2.oid::regclass::text AS to_table, a1.attname AS column, a2.attname AS primary_key, c.conname AS name, c.confupdtype AS on_update, c.confdeltype AS on_delete
FROM pg_constraint c
JOIN pg_class t1 ON c.conrelid = t1.oid
JOIN pg_class t2 ON c.confrelid = t2.oid
JOIN pg_attribute a1 ON a1.attnum = c.conkey[1] AND a1.attrelid = t1.oid
JOIN pg_attribute a2 ON a2.attnum = c.confkey[1] AND a2.attrelid = t2.oid
JOIN pg_namespace t3 ON c.connamespace = t3.oid
WHERE c.contype = 'f'
  AND t1.relname = 'playlists_tracks'
  AND t3.nspname = ANY (current_schemas(false))
ORDER BY c.conname
[0m
  [1m[35m (4.2ms)[0m  [1m[34mSELECT t2.oid::regclass::text AS to_table, a1.attname AS column, a2.attname AS primary_key, c.conname AS name, c.confupdtype AS on_update, c.confdeltype AS on_delete
FROM pg_constraint c
JOIN pg_class t1 ON c.conrelid = t1.oid
JOIN pg_class t2 ON c.confrelid = t2.oid
JOIN pg_attribute a1 ON a1.attnum = c.conkey[1] AND a1.attrelid = t1.oid
JOIN pg_attribute a2 ON a2.attnum = c.confkey[1] AND a2.attrelid = t2.oid
JOIN pg_namespace t3 ON c.connamespace = t3.oid
WHERE c.contype = 'f'
  AND t1.relname = 'tracks'
  AND t3.nspname = ANY (current_schemas(false))
ORDER BY c.conname
[0m
  [1m[36mActiveRecord::SchemaMigration Load (0.7ms)[0m  [1m[34mSELECT "schema_migrations".* FROM "schema_migrations"[0m
  [1m[36mGenre Load (0.5ms)[0m  [1m[34mSELECT  "genres".* FROM "genres" WHERE "genres"."id" = $1 LIMIT $2[0m  [["id", nil], ["LIMIT", 1]]
  [1m[36mGenre Load (0.7ms)[0m  [1m[34mSELECT  "genres".* FROM "genres" WHERE "genres"."name" = $1 LIMIT $2[0m  [["name", "Hip Hop/Rap"], ["LIMIT", 1]]
  [1m[36mTrack Load (0.4ms)[0m  [1m[34mSELECT  "tracks".* FROM "tracks" WHERE "tracks"."id" = $1 LIMIT $2[0m  [["id", nil], ["LIMIT", 1]]
  [1m[36mTrack Load (0.6ms)[0m  [1m[34mSELECT  "tracks".* FROM "tracks" WHERE "tracks"."id" = $1 LIMIT $2[0m  [["id", nil], ["LIMIT", 1]]
  [1m[36mTrack Load (2.2ms)[0m  [1m[34mSELECT  "tracks".* FROM "tracks" WHERE "tracks"."genre_id" = $1 LIMIT $2[0m  [["genre_id", 17], ["LIMIT", 1]]
  [1m[36mTrack Load (3.1ms)[0m  [1m[34mSELECT  "tracks".* FROM "tracks" WHERE "tracks"."genre_id" = $1 LIMIT $2[0m  [["genre_id", 17], ["LIMIT", 1]]
  [1m[36mTrack Load (20.9ms)[0m  [1m[34mSELECT "tracks".* FROM "tracks"[0m
  [1m[36mTrack Load (2.3ms)[0m  [1m[34mSELECT "tracks".* FROM "tracks" WHERE "tracks"."genre_id" = $1[0m  [["genre_id", 17]]
  [1m[35m (6.2ms)[0m  [1m[34mSELECT SUM("tracks"."milliseconds") FROM "tracks"[0m
  [1m[36mMediaType Load (0.6ms)[0m  [1m[34mSELECT  "media_types".* FROM "media_types" WHERE "media_types"."name" = $1 LIMIT $2[0m  [["name", "MPEG audio file"], ["LIMIT", 1]]
  [1m[35m (4.5ms)[0m  [1m[34mSELECT MAX("tracks"."unit_price") FROM "tracks"[0m
  [1m[35m (4.7ms)[0m  [1m[34mSELECT MAX("tracks"."unit_price") FROM "tracks"[0m
  [1m[35m (4.7ms)[0m  [1m[34mSELECT MAX("tracks"."unit_price") FROM "tracks"[0m
  [1m[35m (4.4ms)[0m  [1m[34mSELECT MAX("tracks"."unit_price") FROM "tracks"[0m
  [1m[35m (4.5ms)[0m  [1m[34mSELECT MAX("tracks"."unit_price") FROM "tracks"[0m
  [1m[35m (4.4ms)[0m  [1m[34mSELECT MAX("tracks"."unit_price") FROM "tracks" WHERE "tracks"."media_type_id" = $1[0m  [["media_type_id", 1]]
  [1m[35m (4.3ms)[0m  [1m[34mSELECT MAX("tracks"."unit_price") FROM "tracks" WHERE "tracks"."media_type_id" = $1[0m  [["media_type_id", 1]]
  [1m[35m (4.0ms)[0m  [1m[34mSELECT MAX("tracks"."unit_price") FROM "tracks" WHERE "tracks"."media_type_id" = $1[0m  [["media_type_id", 1]]
  [1m[35m (4.4ms)[0m  [1m[34mSELECT MAX("tracks"."unit_price") FROM "tracks" WHERE "tracks"."media_type_id" = $1[0m  [["media_type_id", 1]]
  [1m[35m (3.3ms)[0m  [1m[34mSELECT MAX("tracks"."unit_price") FROM "tracks" WHERE "tracks"."media_type_id" = $1[0m  [["media_type_id", 1]]
  [1m[36mMediaType Load (0.7ms)[0m  [1m[34mSELECT  "media_types".* FROM "media_types" WHERE "media_types"."name" = $1 LIMIT $2[0m  [["name", "MPEG audio file"], ["LIMIT", 1]]
  [1m[35m (5.1ms)[0m  [1m[34mSELECT MAX("tracks"."unit_price") FROM "tracks" WHERE "tracks"."media_type_id" = $1[0m  [["media_type_id", 1]]
  [1m[36mTrack Load (0.5ms)[0m  [1m[34mSELECT  "tracks".* FROM "tracks" WHERE "tracks"."media_type_id" = $1 AND "tracks"."unit_price" = $2 LIMIT $3[0m  [["media_type_id", nil], ["unit_price", #<BigDecimal:7f953779fd78,'0.99E0',9(18)>], ["LIMIT", 1]]
  [1m[36mTrack Load (0.9ms)[0m  [1m[34mSELECT  "tracks".* FROM "tracks" WHERE "tracks"."media_type_id" = $1 AND "tracks"."unit_price" = $2 LIMIT $3[0m  [["media_type_id", 1], ["unit_price", #<BigDecimal:7f953779fd78,'0.99E0',9(18)>], ["LIMIT", 1]]
  [1m[36mArtist Load (0.8ms)[0m  [1m[34mSELECT  "artists".* FROM "artists" ORDER BY "artists"."created_at" ASC LIMIT $1[0m  [["LIMIT", 2]]
